Arguments: 
  /Users/dreamind/.nvm/versions/node/v10.13.0/bin/node /Users/dreamind/.yarn/bin/yarn.js lint --fix

PATH: 
  /Users/dreamind/.yarn/bin:/Users/dreamind/.config/yarn/global/node_modules/.bin:/Users/dreamind/anaconda3/bin:/Users/dreamind/anaconda3/condabin:/Users/dreamind/.nvm/versions/node/v10.13.0/bin:/Users/dreamind/.jenv/shims:/Users/dreamind/Applications:/Library/Frameworks/GDAL.framework/Programs:/Users/dreamind/anaconda3/bin:/Users/dreamind/lemari/bin:/usr/local/Cellar/libpq/10.5/bin:/Users/dreamind/bin:/usr/bin:/bin:/usr/sbin:/sbin:/usr/local/bin:/opt/local/bin:/opt/local/sbin:/usr/local/mysql/bin:/usr/local/git/bin:/usr/local/Cellar/imagemagick/7.0.8-11/bin/magick/bin:/Users/dreamind/Applications/apache-ant-1.10.7/bin:/Users/dreamind/Applications/apache-maven-3.6.2/bin:/Users/dreamind/.jenv/shims:/Library/Frameworks/Python.framework/Versions/3.6/bin:/Library/Frameworks/Python.framework/Versions/3.7/bin:/usr/local/bin:/usr/bin:/bin:/usr/sbin:/sbin:/Library/TeX/texbin:/Applications/Wireshark.app/Contents/MacOS

Yarn version: 
  1.21.1

Node version: 
  10.13.0

Platform: 
  darwin x64

Trace: 
  SyntaxError: /Users/dreamind/lemari/coviz/covid-nineteen/package.json: Unexpected token } in JSON at position 1395
      at JSON.parse (<anonymous>)
      at /Users/dreamind/.yarn/lib/cli.js:1625:59
      at Generator.next (<anonymous>)
      at step (/Users/dreamind/.yarn/lib/cli.js:310:30)
      at /Users/dreamind/.yarn/lib/cli.js:321:13

npm manifest: 
  {
    "name": "covid-nineteen",
    "version": "0.1.0",
    "private": true,
    "scripts": {
      "serve": "vue-cli-service serve",
      "build": "vue-cli-service build",
      "lint": "vue-cli-service lint",
      "test:unit": "vue-cli-service test:unit"
    },
    "dependencies": {
      "apache-arrow": "^0.16.0",
      "axios": "^0.19.2",
      "core-js": "^3.6.4",
      "lodash": "^4.17.15",
      "moment": "^2.24.0",
      "numeral": "^2.0.6",
      "regenerator-runtime": "^0.13.5",
      "vue": "^2.6.11",
      "vuex": "^3.1.3"
    },
    "devDependencies": {
      "@babel/cli": "^7.8.4",
      "@babel/core": "^7.9.0",
      "@babel/node": "^7.8.7",
      "@babel/preset-env": "^7.9.5",
      "@vue/cli-plugin-babel": "~4.3.0",
      "@vue/cli-plugin-eslint": "~4.3.0",
      "@vue/cli-plugin-unit-jest": "~4.3.0",
      "@vue/cli-service": "~4.3.0",
      "@vue/eslint-config-airbnb": "^5.0.2",
      "@vue/test-utils": "1.0.0-beta.31",
      "babel-eslint": "^10.1.0",
      "csv-parse": "^4.8.8",
      "eslint": "^6.8.0",
      "eslint-config-airbnb-base": "^14.1.0",
      "eslint-plugin-import": "^2.20.2",
      "eslint-plugin-vue": "^6.2.2",
      "lint-staged": "^9.5.0",
      "node-fetch": "^2.6.0",
      "nodemon": "^2.0.3",
      "stylus": "^0.54.7",
      "stylus-loader": "^3.0.2",
      "vue-template-compiler": "^2.6.11"
    },
    "eslintConfig": {
      "root": true,
      "globals": {
        "screen": true
      },
      "env": {
        "node": true,
      },
      "extends": [
        "plugin:vue/essential",
        "@vue/airbnb"
      ],
      "parser": "vue-eslint-parser",
      "parserOptions": {
        "parser": "babel-eslint"
      },
      "rules": {},
      "overrides": [
        {
          "files": [
            "**/__tests__/*.{j,t}s?(x)",
            "**/tests/unit/**/*.spec.{j,t}s?(x)"
          ],
          "env": {
            "jest": true
          }
        }
      ]
    },
    "browserslist": [
      "> 1%",
      "last 2 versions",
      "not dead"
    ],
    "gitHooks": {
      "pre-commit-disabled": "lint-staged"
    },
    "lint-staged-disabled": {
      "*.{js,jsx,vue}": [
        "vue-cli-service lint",
        "git add"
      ]
    }
  }

yarn manifest: 
  No manifest

Lockfile: 
  No lockfile
